[
  {
    "line": 1,
    "elements": [
      {
        "start_timestamp": "2019-11-20T06:07:33.878Z",
        "line": 2,
        "name": "To Validate Login page",
        "description": "",
        "id": "to-validate-the-face-book;to-validate-login-page",
        "type": "scenario",
        "keyword": "Scenario",
        "steps": [
          {
            "result": {
              "duration": 8235065799,
              "status": "passed"
            },
            "line": 3,
            "name": "user enter the username and password",
            "match": {
              "location": "StepDef.user_enter_the_username_and_password()"
            },
            "keyword": "Given "
          },
          {
            "result": {
              "error_message": "cucumber.runtime.CucumberException: Step [user enter the valid the crdentials] is defined with 0 parameters at \u0027com.stepdefinition.StepDef.user_enter_the_valid_the_crdentials() in file:/C:/Users/ARUNACHALAM/eclipse-workspace/Sampl/target/test-classes/\u0027.\nHowever, the gherkin step has 1 arguments:\n * Table:\n      | bala | java |\n\nStep text: user enter the valid the crdentials\r\n\tat cucumber.runner.PickleStepDefinitionMatch.arityMismatch(PickleStepDefinitionMatch.java:84)\r\n\tat cucumber.runner.PickleStepDefinitionMatch.runStep(PickleStepDefinitionMatch.java:36)\r\n\tat cucumber.runner.TestStep.executeStep(TestStep.java:65)\r\n\tat cucumber.runner.TestStep.run(TestStep.java:50)\r\n\tat cucumber.runner.PickleStepTestStep.run(PickleStepTestStep.java:43)\r\n\tat cucumber.runner.TestCase.run(TestCase.java:46)\r\n\tat cucumber.runner.Runner.runPickle(Runner.java:50)\r\n\tat io.cucumber.junit.PickleRunners$NoStepDescriptions.run(PickleRunners.java:146)\r\n\tat io.cucumber.junit.FeatureRunner.runChild(FeatureRunner.java:68)\r\n\tat io.cucumber.junit.FeatureRunner.runChild(FeatureRunner.java:23)\r\n\tat org.junit.runners.ParentRunner$3.run(ParentRunner.java:290)\r\n\tat org.junit.runners.ParentRunner$1.schedule(ParentRunner.java:71)\r\n\tat org.junit.runners.ParentRunner.runChildren(ParentRunner.java:288)\r\n\tat org.junit.runners.ParentRunner.access$000(ParentRunner.java:58)\r\n\tat org.junit.runners.ParentRunner$2.evaluate(ParentRunner.java:268)\r\n\tat org.junit.runners.ParentRunner.run(ParentRunner.java:363)\r\n\tat io.cucumber.junit.Cucumber.runChild(Cucumber.java:144)\r\n\tat io.cucumber.junit.Cucumber.runChild(Cucumber.java:65)\r\n\tat org.junit.runners.ParentRunner$3.run(ParentRunner.java:290)\r\n\tat org.junit.runners.ParentRunner$1.schedule(ParentRunner.java:71)\r\n\tat org.junit.runners.ParentRunner.runChildren(ParentRunner.java:288)\r\n\tat org.junit.runners.ParentRunner.access$000(ParentRunner.java:58)\r\n\tat org.junit.runners.ParentRunner$2.evaluate(ParentRunner.java:268)\r\n\tat io.cucumber.junit.Cucumber$RunCucumber.evaluate(Cucumber.java:174)\r\n\tat org.junit.runners.ParentRunner.run(ParentRunner.java:363)\r\n\tat org.eclipse.jdt.internal.junit4.runner.JUnit4TestReference.run(JUnit4TestReference.java:86)\r\n\tat org.eclipse.jdt.internal.junit.runner.TestExecution.run(TestExecution.java:38)\r\n\tat org.eclipse.jdt.internal.junit.runner.RemoteTestRunner.runTests(RemoteTestRunner.java:538)\r\n\tat org.eclipse.jdt.internal.junit.runner.RemoteTestRunner.runTests(RemoteTestRunner.java:760)\r\n\tat org.eclipse.jdt.internal.junit.runner.RemoteTestRunner.run(RemoteTestRunner.java:460)\r\n\tat org.eclipse.jdt.internal.junit.runner.RemoteTestRunner.main(RemoteTestRunner.java:206)\r\n",
              "duration": 12166699,
              "status": "failed"
            },
            "line": 4,
            "name": "user enter the valid the crdentials",
            "match": {
              "location": "StepDef.user_enter_the_valid_the_crdentials()"
            },
            "rows": [
              {
                "cells": [
                  "bala",
                  "java"
                ]
              }
            ],
            "keyword": "When "
          },
          {
            "result": {
              "duration": 1796000,
              "status": "skipped"
            },
            "line": 6,
            "name": "user verify successfully",
            "match": {
              "location": "StepDef.user_verify_successfully()"
            },
            "keyword": "Then "
          }
        ]
      },
      {
        "start_timestamp": "2019-11-20T06:07:42.176Z",
        "line": 10,
        "name": "To Validate Login page for invalid user",
        "description": "",
        "id": "to-validate-the-face-book;to-validate-login-page-for-invalid-user",
        "type": "scenario",
        "keyword": "Scenario",
        "steps": [
          {
            "result": {
              "duration": 8488533200,
              "status": "passed"
            },
            "line": 11,
            "name": "user enter the username and password",
            "match": {
              "location": "StepDef.user_enter_the_username_and_password()"
            },
            "keyword": "Given "
          },
          {
            "result": {
              "error_message": "cucumber.runtime.CucumberException: Step [user enter the valid the crdentials] is defined with 0 parameters at \u0027com.stepdefinition.StepDef.user_enter_the_valid_the_crdentials() in file:/C:/Users/ARUNACHALAM/eclipse-workspace/Sampl/target/test-classes/\u0027.\nHowever, the gherkin step has 1 arguments:\n * Table:\n      | aruna | aruna0425 |\n\nStep text: user enter the valid the crdentials\r\n\tat cucumber.runner.PickleStepDefinitionMatch.arityMismatch(PickleStepDefinitionMatch.java:84)\r\n\tat cucumber.runner.PickleStepDefinitionMatch.runStep(PickleStepDefinitionMatch.java:36)\r\n\tat cucumber.runner.TestStep.executeStep(TestStep.java:65)\r\n\tat cucumber.runner.TestStep.run(TestStep.java:50)\r\n\tat cucumber.runner.PickleStepTestStep.run(PickleStepTestStep.java:43)\r\n\tat cucumber.runner.TestCase.run(TestCase.java:46)\r\n\tat cucumber.runner.Runner.runPickle(Runner.java:50)\r\n\tat io.cucumber.junit.PickleRunners$NoStepDescriptions.run(PickleRunners.java:146)\r\n\tat io.cucumber.junit.FeatureRunner.runChild(FeatureRunner.java:68)\r\n\tat io.cucumber.junit.FeatureRunner.runChild(FeatureRunner.java:23)\r\n\tat org.junit.runners.ParentRunner$3.run(ParentRunner.java:290)\r\n\tat org.junit.runners.ParentRunner$1.schedule(ParentRunner.java:71)\r\n\tat org.junit.runners.ParentRunner.runChildren(ParentRunner.java:288)\r\n\tat org.junit.runners.ParentRunner.access$000(ParentRunner.java:58)\r\n\tat org.junit.runners.ParentRunner$2.evaluate(ParentRunner.java:268)\r\n\tat org.junit.runners.ParentRunner.run(ParentRunner.java:363)\r\n\tat io.cucumber.junit.Cucumber.runChild(Cucumber.java:144)\r\n\tat io.cucumber.junit.Cucumber.runChild(Cucumber.java:65)\r\n\tat org.junit.runners.ParentRunner$3.run(ParentRunner.java:290)\r\n\tat org.junit.runners.ParentRunner$1.schedule(ParentRunner.java:71)\r\n\tat org.junit.runners.ParentRunner.runChildren(ParentRunner.java:288)\r\n\tat org.junit.runners.ParentRunner.access$000(ParentRunner.java:58)\r\n\tat org.junit.runners.ParentRunner$2.evaluate(ParentRunner.java:268)\r\n\tat io.cucumber.junit.Cucumber$RunCucumber.evaluate(Cucumber.java:174)\r\n\tat org.junit.runners.ParentRunner.run(ParentRunner.java:363)\r\n\tat org.eclipse.jdt.internal.junit4.runner.JUnit4TestReference.run(JUnit4TestReference.java:86)\r\n\tat org.eclipse.jdt.internal.junit.runner.TestExecution.run(TestExecution.java:38)\r\n\tat org.eclipse.jdt.internal.junit.runner.RemoteTestRunner.runTests(RemoteTestRunner.java:538)\r\n\tat org.eclipse.jdt.internal.junit.runner.RemoteTestRunner.runTests(RemoteTestRunner.java:760)\r\n\tat org.eclipse.jdt.internal.junit.runner.RemoteTestRunner.run(RemoteTestRunner.java:460)\r\n\tat org.eclipse.jdt.internal.junit.runner.RemoteTestRunner.main(RemoteTestRunner.java:206)\r\n",
              "duration": 3232300,
              "status": "failed"
            },
            "line": 12,
            "name": "user enter the valid the crdentials",
            "match": {
              "location": "StepDef.user_enter_the_valid_the_crdentials()"
            },
            "rows": [
              {
                "cells": [
                  "aruna",
                  "aruna0425"
                ]
              }
            ],
            "keyword": "When "
          },
          {
            "result": {
              "duration": 966000,
              "status": "skipped"
            },
            "line": 14,
            "name": "user verify successfully",
            "match": {
              "location": "StepDef.user_verify_successfully()"
            },
            "keyword": "Then "
          }
        ]
      }
    ],
    "name": "To validate the face book",
    "description": "",
    "id": "to-validate-the-face-book",
    "keyword": "Feature",
    "uri": "file:src/test/resources/Features1/login.feature",
    "tags": []
  }
]